[debug] [2019-06-22T21:41:59.727Z] ----------------------------------------------------------------------
[debug] [2019-06-22T21:41:59.729Z] Command:       C:\Program Files\nodejs\node.exe C:\Users\ayrto\AppData\Roaming\npm\node_modules\firebase-tools\lib\bin\firebase.js init
[debug] [2019-06-22T21:41:59.730Z] CLI Version:   7.0.1
[debug] [2019-06-22T21:41:59.730Z] Platform:      win32
[debug] [2019-06-22T21:41:59.730Z] Node Version:  v11.12.0
[debug] [2019-06-22T21:41:59.731Z] Time:          Sat Jun 22 2019 17:41:59 GMT-0400 (GMT-04:00)
[debug] [2019-06-22T21:41:59.731Z] ----------------------------------------------------------------------
[debug] 
[debug] [2019-06-22T21:41:59.737Z] > command requires scopes: ["email","openid","https://www.googleapis.com/auth/cloudplatformprojects.readonly","https://www.googleapis.com/auth/firebase","https://www.googleapis.com/auth/cloud-platform"]
[debug] [2019-06-22T21:41:59.737Z] > authorizing via signed-in user
[info] 
     ######## #### ########  ######## ########     ###     ######  ########
     ##        ##  ##     ## ##       ##     ##  ##   ##  ##       ##
     ######    ##  ########  ######   ########  #########  ######  ######
     ##        ##  ##    ##  ##       ##     ## ##     ##       ## ##
     ##       #### ##     ## ######## ########  ##     ##  ######  ########

You're about to initialize a Firebase project in this directory:

  C:\Users\ayrto\Desktop\Repositorio\FoodABS

[info] 
=== Project Setup
[info] 
[info] First, let's associate this project directory with a Firebase project.
[info] You can create multiple project aliases by running firebase use --add, 
[info] but for now we'll just set up a default project.
[info] 
[debug] [2019-06-22T21:42:07.231Z] > refreshing access token with scopes: ["email","https://www.googleapis.com/auth/cloud-platform","https://www.googleapis.com/auth/cloudplatformprojects.readonly","https://www.googleapis.com/auth/firebase","openid"]
[debug] [2019-06-22T21:42:07.232Z] >>> HTTP REQUEST POST https://www.googleapis.com/oauth2/v3/token  
 <request body omitted>
[debug] [2019-06-22T21:42:07.553Z] <<< HTTP RESPONSE 200
[debug] [2019-06-22T21:42:07.620Z] >>> HTTP REQUEST GET https://firebase.googleapis.com/v1beta1/projects?page_size=100  
 
[debug] [2019-06-22T21:42:08.975Z] <<< HTTP RESPONSE 200
[info] i  Using project foodabs-1b4f9 (FoodABS)
[info] 
=== Database Setup
[info] 
[info] Firebase Realtime Database Rules allow you to define how your data should be
[info] structured and when your data can be read from and written to.
[info] 
[debug] [2019-06-22T22:09:58.684Z] Error: kill ENOSYS
    at process.kill (internal/process/per_thread.js:185:13)
    at process.listener (C:\Users\ayrto\AppData\Roaming\npm\node_modules\firebase-tools\node_modules\signal-exit\index.js:95:15)
    at process.emit (events.js:197:13)
[error] 
[error] Error: An unexpected error has occurred.
